[email.163.com/index.html]
[email.163.com/sw.js]
[backblue.gif]
[fade.gif]
[index.html]
[email.163.com/favicon.ico]
[mimg.127.net/p/freemail/lib/track/raven-3.27.0.min.js]
[urswebzj.nosdn.127.net/webzj_cdn101/webzj_cdn101%2Fmessage.js]
[mimg.127.net/p/freemail/lib/polyfill/es5-polyfill.js]
[mimg.127.net/external/mail-index/email-promote.js]
[mimg.127.net/p/freemail/index/email/css/1.style.c65728d2eda26176e14d.css]
[mimg.127.net/p/freemail/index/email/css/style.c3f98c21a3a8f59d99ab.css]
[mimg.127.net/p/images/logo/gonganlogo.png]
[cms-bucket.ws.126.net/2019/05/30/2019%2F05%2F30%2Ff0b8f62f908a411e944aa93f0727272d.jpeg]
[cms-bucket.ws.126.net/2019/06/12/2019%2F06%2F12%2Fff11d8c212a24203adcef9a83317edd3.jpeg]
[mimg.127.net/p/freemail/index/email/js/vendors_index.507e75257417518cc5f9.js]
[email.163.com/index.html]
[email.163.com/sw.html]
[mimg.127.net/p/freemail/index/email/js/index.08ef794197bc9b13a195.js]
[email.163.com/POST.f.delayed]
[email.163.com/GET]
[mimg.127.net/p/freemail/lib/track/raven-3.27.0.min.js]
[mimg.127.net/p/freemail/lib/polyfill/html-polyfill.js]
[mimg.127.net/p/freemail/lib/polyfill/es5-polyfill.js]
[mimg.127.net/external/mail-index/email-promote.js]
[mimg.127.net/p/freemail/index/email/css/1.style.c65728d2eda26176e14d.css]
[mimg.127.net/p/freemail/index/email/css/style.c3f98c21a3a8f59d99ab.css]
[mimg.127.net/copyright/year.js]
[mimg.127.net/p/freemail/index/email/js/vendors_index.507e75257417518cc5f9.js]
[email.163.com/Edge/index.html]
[email.163.com/urs.126.4f1f0554.11.delayed]
[email.163.com/urs.163.0b9cba30.css]
[onegoods.nosdn.127.net/resupload/2019/8/30/resupload%2F2019%2F8%2F30%2F719b7785b29d2c5427125f669246dd39.png]
[mimg.127.net/p/freemail/index/email/js/index.08ef794197bc9b13a195.js]
[email.163.com/POST.html]
[email.163.com/GET.html]
[email.163.com/Edge/index.html]
[email.163.com/urs.126.4f1f0554.html]
[email.163.com/urs.163.0b9cba30.html]
[email.163.com/m/index.html]
[mimg.127.net/logo/smart/163.png]
[mimg.127.net/logo/smart/126.png]
[mimg.127.net/logo/smart/yeah.png]
[email.163.com/m/index.html]
[mimg.127.net/p/freemail/lib/tongji/mail-3.1.4.umd.js]
[email.163.com/m/GET.18.delayed]
[email.163.com/m/POST]
[mimg.127.net/p/freemail/lib/tongji/mail-3.1.4.umd.js]
[email.163.com/m/GET.html]
[email.163.com/m/POST.html]
